<?xml version="1.0" encoding="utf-8"?><testsuites name="pytest tests"><testsuite name="pytest" errors="0" failures="0" skipped="0" tests="5" time="20.127" timestamp="2026-06-16T16:40:16.568626+00:00" hostname="agent-env-f32bdd86-ed9f-495e-9fac-7ee6ee63f8c7"><testcase classname="backend.tests.test_weekly_report" name="test_health_ok" time="0.208" /><testcase classname="backend.tests.test_weekly_report" name="test_extract_empty_image_returns_400" time="0.157" /><testcase classname="backend.tests.test_weekly_report" name="test_extract_missing_field_returns_422" time="0.142" /><testcase classname="backend.tests.test_weekly_report" name="test_extract_real_image_success" time="4.815" /><testcase classname="backend.tests.test_weekly_report" name="test_extract_with_data_url_prefix" time="14.601" /></testsuite></testsuites>